20250703_194804 - Code:200 - google - URL:www.google.com
20250703_194804 - Code:200 - wikipedia - URL:https://es.wikipedia.org/
20250703_194805 - Code:500 - httpbin - URL:https://httpbin.org/status/500
20250703_194806 - Code:403 - noexiste - URL:http://www.noexiste.com/
20250703_194806 - Code:200 - httpbin - URL:https://httpbin.org/status/200
20250703_194812 - Code:200 - google - URL:www.google.com
20250703_194812 - Code:200 - wikipedia - URL:https://es.wikipedia.org/
20250703_194813 - Code:500 - httpbin - URL:https://httpbin.org/status/500
20250703_194814 - Code:403 - noexiste - URL:http://www.noexiste.com/
20250703_194814 - Code:200 - httpbin - URL:https://httpbin.org/status/200
20250703_194959 - Code:200 - google - URL:www.google.com
20250703_195000 - Code:200 - wikipedia - URL:https://es.wikipedia.org/
20250703_195001 - Code:500 - httpbin - URL:https://httpbin.org/status/500
20250703_195001 - Code:403 - noexiste - URL:http://www.noexiste.com/
20250703_195002 - Code:200 - httpbin - URL:https://httpbin.org/status/200
20250703_195130 - Code:200 - google - URL:www.google.com
20250703_195131 - Code:200 - wikipedia - URL:https://es.wikipedia.org/
20250703_195132 - Code:500 - httpbin - URL:https://httpbin.org/status/500
20250703_195132 - Code:403 - noexiste - URL:http://www.noexiste.com/
20250703_195133 - Code:200 - httpbin - URL:https://httpbin.org/status/200
20250703_195451 - Code:200 - google - URL:www.google.com
20250703_195452 - Code:200 - wikipedia - URL:https://es.wikipedia.org/
20250703_195452 - Code:500 - httpbin - URL:https://httpbin.org/status/500
20250703_195453 - Code:403 - noexiste - URL:http://www.noexiste.com/
20250703_195454 - Code:200 - httpbin - URL:https://httpbin.org/status/200
20250703_195500 - Code:200 - google - URL:www.google.com
20250703_195500 - Code:200 - wikipedia - URL:https://es.wikipedia.org/
20250703_195501 - Code:500 - httpbin - URL:https://httpbin.org/status/500
20250703_195502 - Code:403 - noexiste - URL:http://www.noexiste.com/
20250703_195503 - Code:200 - httpbin - URL:https://httpbin.org/status/200
20250703_195723 - Code:200 - google - URL:https://www.google.com
20250703_195724 - Code:200 - wikipedia - URL:https://es.wikipedia.org/
20250703_195724 - Code:500 - httpbin - URL:https://httpbin.org/status/500
20250703_195725 - Code:403 - noexiste - URL:http://www.noexiste.com/
20250703_195726 - Code:200 - httpbin - URL:https://httpbin.org/status/200
20250703_195740 - Code:200 - google - URL:https://www.google.com
20250703_195740 - Code:200 - wikipedia - URL:https://es.wikipedia.org/
20250703_195741 - Code:500 - httpbin - URL:https://httpbin.org/status/500
20250703_195742 - Code:403 - noexiste - URL:http://www.noexiste.com/
20250703_195742 - Code:200 - httpbin - URL:https://httpbin.org/status/200
20250703_195838 - Code:200 - google - URL:https://www.google.com
20250703_195838 - Code:200 - wikipedia - URL:https://es.wikipedia.org/
20250703_195839 - Code:500 - httpbin - URL:https://httpbin.org/status/500
20250703_195840 - Code:403 - noexiste - URL:http://www.noexiste.com/
20250703_195840 - Code:200 - httpbin - URL:https://httpbin.org/status/200
20250703_200329 - Code:200 - google - URL:https://www.google.com
20250703_200329 - Code:200 - wikipedia - URL:https://es.wikipedia.org/
20250703_200330 - Code:500 - httpbin - URL:https://httpbin.org/status/500
20250703_200331 - Code:403 - noexiste - URL:http://www.noexiste.com/
20250703_200332 - Code:200 - httpbin - URL:https://httpbin.org/status/200
20250703_200403 - Code:200 -  - URL:https://www.google.com
20250703_200403 - Code:200 -  - URL:https://es.wikipedia.org/
20250703_200404 - Code:500 -  - URL:https://httpbin.org/status/500
20250703_200405 - Code:403 -  - URL:http://www.noexiste.com/
20250703_200406 - Code:200 -  - URL:https://httpbin.org/status/200
20250703_201108 - Code:200 - google - URL:https://www.google.com
20250703_201109 - Code:200 - wikipedia - URL:https://es.wikipedia.org/
20250703_201110 - Code:500 - httpbin - URL:https://httpbin.org/status/500
20250703_201111 - Code:403 - noexiste - URL:http://www.noexiste.com/
20250703_201112 - Code:200 - httpbin - URL:https://httpbin.org/status/200
